********************************************************************************
DUPLICATOR-LITE PACKAGE-LOG: May 17, 2024 1:26 am
NOTICE: Do NOT post to public sites or forums 
********************************************************************************
VERSION:	1.5.9
WORDPRESS:	6.5.3
PHP INFO:	8.0.30 | SAPI: apache2handler
SERVER:		Apache/2.4.58 (Win64) OpenSSL/3.1.3 PHP/8.0.30 
PHP TIME LIMIT: (0) no time limit imposed 
PHP MAX MEMORY: 4294967296 (512M default) 
MEMORY STACK: 42MB

********************************************************************************
DATABASE:
********************************************************************************
BUILD MODE:   MYSQLDUMP
MYSQLTIMEOUT: 5000
MYSQLDUMP:    Is Supported
SQL CREATED: 20240517_wdphp_c63042a31c2667396412_20240517012546_database.sql
SQL FILE SIZE: 1.02MB (1069345)
SQL FILE TIME: 2024-05-17 01:26:04
SQL RUNTIME: 2.76 sec.

********************************************************************************
ARCHIVE (ZIP):
********************************************************************************
ARCHIVE DIR:  D:/XAMPP/htdocs/wordpress
ARCHIVE FILE: 20240517_wdphp_c63042a31c2667396412_20240517012546_archive.zip
FILTERS: *OFF*
DIRS:
	not set
FILES:
	not set
EXTS:  not set
----------------------------------------
COMPRESSING
SIZE:	106.93MB
STATS:	Dirs 873 | Files 8,630
SQL ADDED: 20240517_wdphp_c63042a31c2667396412_20240517012546_database.sql
ZipArchive Object
(
    [lastId] => 9502
    [status] => 0
    [statusSys] => 0
    [numFiles] => 9503
    [filename] => D:\XAMPP\htdocs\wordpress\wp-content\backups-dup-lite\tmp\20240517_wdphp_c63042a31c2667396412_20240517012546_archive.zip
    [comment] => 
)

FILE ADDED TO ZIP: 9502
COMPRESSION RESULT: '1'
COMPRESSED SIZE: 59.83MB
ARCHIVE RUNTIME: 7.28 sec.
MEMORY STACK: 44MB
building installer
ARCHIVE CONSISTENCY TEST: PASS

********************************************************************************
INTEGRITY CHECKS:
********************************************************************************
SQL FILE: 1.02MB
INSTALLER FILE: 73.47KB
ARCHIVE FILE: 61.9MB 
EXPECTED FILE/DIRECTORY COUNT: 9,503
ACTUAL FILE/DIRECTORY COUNT: 9,502
ARCHIVE CONSISTENCY TEST: Pass

********************************************************************************
RECORD ID:[1]
TOTAL PROCESS RUNTIME: 11.35 sec.
PEAK PHP MEMORY USED: 46MB
DONE PROCESSING => 20240517_wdphp May 17, 2024 1:26 am

